<?xml version="1.0" encoding="UTF-8"?>
<!-- Generated by org.testng.reporters.JUnitReportReporter -->
<testsuite skipped="1" hostname="DESKTOP-OKPA912" name="tests.SeleniumRegisterationTest" tests="2" failures="0" timestamp="2020-06-09T10:18:03 EET" time="3.901" errors="1">
  <testcase name="setUp" time="3.901" classname="tests.SeleniumRegisterationTest">
    <error type="org.openqa.selenium.SessionNotCreatedException" message="session not created: This version of ChromeDriver only supports Chrome version 80
Build info: version: &#039;3.141.59&#039;, revision: &#039;e82be7d358&#039;, time: &#039;2018-11-14T08:17:03&#039;
System info: host: &#039;DESKTOP-OKPA912&#039;, ip: &#039;192.168.1.6&#039;, os.name: &#039;Windows 10&#039;, os.arch: &#039;amd64&#039;, os.version: &#039;10.0&#039;, java.version: &#039;1.8.0_201&#039;
Driver info: driver.version: ChromeDriver
remote stacktrace: Backtrace:
	Ordinal0 [0x00240C83+1707139]
	Ordinal0 [0x001A68F1+1075441]
	Ordinal0 [0x0011DFC9+516041]
	Ordinal0 [0x000B0554+66900]
	Ordinal0 [0x000ACCE2+52450]
	Ordinal0 [0x000CBFD7+180183]
	Ordinal0 [0x000CBDDD+179677]
	Ordinal0 [0x000C9D4B+171339]
	Ordinal0 [0x000B1D4A+73034]
	Ordinal0 [0x000B2DC0+77248]
	Ordinal0 [0x000B2D59+77145]
	Ordinal0 [0x001BBB67+1162087]
	GetHandleVerifier [0x002DA966+508998]
	GetHandleVerifier [0x002DA6A4+508292]
	GetHandleVerifier [0x002EF7B7+594583]
	GetHandleVerifier [0x002DB1D6+511158]
	Ordinal0 [0x001B402C+1130540]
	Ordinal0 [0x001BD4CB+1168587]
	Ordinal0 [0x001BD633+1168947]
	Ordinal0 [0x001D5B35+1268533]
	BaseThreadInitThunk [0x75CF8494+36]
	RtlAreBitsSet [0x76FF4328+136]
	RtlAreBitsSet [0x76FF42F8+88]
	(No symbol) [0x00000000]
">
      <![CDATA[org.openqa.selenium.SessionNotCreatedException: session not created: This version of ChromeDriver only supports Chrome version 80
Build info: version: '3.141.59', revision: 'e82be7d358', time: '2018-11-14T08:17:03'
System info: host: 'DESKTOP-OKPA912', ip: '192.168.1.6', os.name: 'Windows 10', os.arch: 'amd64', os.version: '10.0', java.version: '1.8.0_201'
Driver info: driver.version: ChromeDriver
remote stacktrace: Backtrace:
Ordinal0 [0x00240C83+1707139]
Ordinal0 [0x001A68F1+1075441]
Ordinal0 [0x0011DFC9+516041]
Ordinal0 [0x000B0554+66900]
Ordinal0 [0x000ACCE2+52450]
Ordinal0 [0x000CBFD7+180183]
Ordinal0 [0x000CBDDD+179677]
Ordinal0 [0x000C9D4B+171339]
Ordinal0 [0x000B1D4A+73034]
Ordinal0 [0x000B2DC0+77248]
Ordinal0 [0x000B2D59+77145]
Ordinal0 [0x001BBB67+1162087]
GetHandleVerifier [0x002DA966+508998]
GetHandleVerifier [0x002DA6A4+508292]
GetHandleVerifier [0x002EF7B7+594583]
GetHandleVerifier [0x002DB1D6+511158]
Ordinal0 [0x001B402C+1130540]
Ordinal0 [0x001BD4CB+1168587]
Ordinal0 [0x001BD633+1168947]
Ordinal0 [0x001D5B35+1268533]
BaseThreadInitThunk [0x75CF8494+36]
RtlAreBitsSet [0x76FF4328+136]
RtlAreBitsSet [0x76FF42F8+88]
(No symbol) [0x00000000]

at sun.reflect.NativeConstructorAccessorImpl.newInstance0(Native Method)
at sun.reflect.NativeConstructorAccessorImpl.newInstance(Unknown Source)
at sun.reflect.DelegatingConstructorAccessorImpl.newInstance(Unknown Source)
at java.lang.reflect.Constructor.newInstance(Unknown Source)
at org.openqa.selenium.remote.W3CHandshakeResponse.lambda$errorHandler$0(W3CHandshakeResponse.java:62)
at org.openqa.selenium.remote.HandshakeResponse.lambda$getResponseFunction$0(HandshakeResponse.java:30)
at org.openqa.selenium.remote.ProtocolHandshake.lambda$createSession$0(ProtocolHandshake.java:126)
at java.util.stream.ReferencePipeline$3$1.accept(Unknown Source)
at java.util.Spliterators$ArraySpliterator.tryAdvance(Unknown Source)
at java.util.stream.ReferencePipeline.forEachWithCancel(Unknown Source)
at java.util.stream.AbstractPipeline.copyIntoWithCancel(Unknown Source)
at java.util.stream.AbstractPipeline.copyInto(Unknown Source)
at java.util.stream.AbstractPipeline.wrapAndCopyInto(Unknown Source)
at java.util.stream.FindOps$FindOp.evaluateSequential(Unknown Source)
at java.util.stream.AbstractPipeline.evaluate(Unknown Source)
at java.util.stream.ReferencePipeline.findFirst(Unknown Source)
at org.openqa.selenium.remote.ProtocolHandshake.createSession(ProtocolHandshake.java:128)
at org.openqa.selenium.remote.ProtocolHandshake.createSession(ProtocolHandshake.java:74)
at org.openqa.selenium.remote.HttpCommandExecutor.execute(HttpCommandExecutor.java:136)
at org.openqa.selenium.remote.service.DriverCommandExecutor.execute(DriverCommandExecutor.java:83)
at org.openqa.selenium.remote.RemoteWebDriver.execute(RemoteWebDriver.java:552)
at org.openqa.selenium.remote.RemoteWebDriver.startSession(RemoteWebDriver.java:213)
at org.openqa.selenium.remote.RemoteWebDriver.<init>(RemoteWebDriver.java:131)
at org.openqa.selenium.chrome.ChromeDriver.<init>(ChromeDriver.java:181)
at org.openqa.selenium.chrome.ChromeDriver.<init>(ChromeDriver.java:168)
at org.openqa.selenium.chrome.ChromeDriver.<init>(ChromeDriver.java:123)
at pom.BaseClass.setUpChromeDriver(BaseClass.java:23)
at tests.SeleniumRegisterationTest.setUp(SeleniumRegisterationTest.java:54)
at sun.reflect.NativeMethodAccessorImpl.invoke0(Native Method)
at sun.reflect.NativeMethodAccessorImpl.invoke(Unknown Source)
at sun.reflect.DelegatingMethodAccessorImpl.invoke(Unknown Source)
at java.lang.reflect.Method.invoke(Unknown Source)
at org.testng.internal.MethodInvocationHelper.invokeMethod(MethodInvocationHelper.java:134)
at org.testng.internal.MethodInvocationHelper.invokeMethodConsideringTimeout(MethodInvocationHelper.java:63)
at org.testng.internal.ConfigInvoker.invokeConfigurationMethod(ConfigInvoker.java:348)
at org.testng.internal.ConfigInvoker.invokeConfigurations(ConfigInvoker.java:302)
at org.testng.TestRunner.invokeTestConfigurations(TestRunner.java:619)
at org.testng.TestRunner.beforeRun(TestRunner.java:609)
at org.testng.TestRunner.run(TestRunner.java:580)
at org.testng.SuiteRunner.runTest(SuiteRunner.java:384)
at org.testng.SuiteRunner.runSequentially(SuiteRunner.java:378)
at org.testng.SuiteRunner.privateRun(SuiteRunner.java:337)
at org.testng.SuiteRunner.run(SuiteRunner.java:286)
at org.testng.SuiteRunnerWorker.runSuite(SuiteRunnerWorker.java:53)
at org.testng.SuiteRunnerWorker.run(SuiteRunnerWorker.java:96)
at org.testng.TestNG.runSuitesSequentially(TestNG.java:1187)
at org.testng.TestNG.runSuitesLocally(TestNG.java:1109)
at org.testng.TestNG.runSuites(TestNG.java:1039)
at org.testng.TestNG.run(TestNG.java:1007)
at org.testng.remote.AbstractRemoteTestNG.run(AbstractRemoteTestNG.java:115)
at org.testng.remote.RemoteTestNG.initAndRun(RemoteTestNG.java:251)
at org.testng.remote.RemoteTestNG.main(RemoteTestNG.java:77)
]]>
    </error>
  </testcase> <!-- setUp -->
  <system-out/>
  <testcase name="zidregistrationtest" time="0.000" classname="tests.SeleniumRegisterationTest">
    <skipped/>
  </testcase> <!-- zidregistrationtest -->
  <system-out/>
</testsuite> <!-- tests.SeleniumRegisterationTest -->
